<?xml version="1.0" encoding="UTF-8"?>
<testng-results skipped="0" failed="0" ignored="0" total="1" passed="1">
  <reporter-output>
  </reporter-output>
  <suite name="Default suite" duration-ms="22447" started-at="2018-11-29T07:45:28Z" finished-at="2018-11-29T07:45:51Z">
    <groups>
    </groups>
    <test name="Default test" duration-ms="22447" started-at="2018-11-29T07:45:28Z" finished-at="2018-11-29T07:45:51Z">
      <class name="com.durgasoft.selenium.testng.programs.BrokenLinks">
        <test-method status="PASS" signature="beforeTest()[pri:0, instance:com.durgasoft.selenium.testng.programs.BrokenLinks@262b2c86]" name="beforeTest" is-config="true" duration-ms="13095" started-at="2018-11-29T07:45:28Z" finished-at="2018-11-29T07:45:41Z">
          <reporter-output>
          </reporter-output>
        </test-method> <!-- beforeTest -->
        <test-method status="PASS" signature="brokenLink()[pri:0, instance:com.durgasoft.selenium.testng.programs.BrokenLinks@262b2c86]" name="brokenLink" duration-ms="9279" started-at="2018-11-29T07:45:41Z" finished-at="2018-11-29T07:45:51Z">
          <reporter-output>
          </reporter-output>
        </test-method> <!-- brokenLink -->
      </class> <!-- com.durgasoft.selenium.testng.programs.BrokenLinks -->
    </test> <!-- Default test -->
  </suite> <!-- Default suite -->
</testng-results>
