<?xml version="1.0" encoding="UTF-8"?>
<testng-results skipped="0" failed="0" ignored="0" total="1" passed="1">
  <reporter-output>
    <line>
      <![CDATA[Test Running: hmsPR]]>
    </line>
    <line>
      <![CDATA[Test Success: hmsPR]]>
    </line>
    <line>
      <![CDATA[<a href='D:\LiveProject_11_OCT_1130AM\ecommerce\src\main\java\com\durgasoft\ecommerce\passedscreens\hmsPR 01_12_2018_12_36_21.png'><img src='D:\LiveProject_11_OCT_1130AM\ecommerce\src\main\java\com\durgasoft\ecommerce\passedscreens\hmsPR 01_12_2018_12_36_21.png'height='100'width='100'/></a>]]>
    </line>
  </reporter-output>
  <suite name="Suite" duration-ms="17756" started-at="2018-12-01T07:06:04Z" finished-at="2018-12-01T07:06:22Z">
    <groups>
    </groups>
    <test name="Test" duration-ms="17756" started-at="2018-12-01T07:06:04Z" finished-at="2018-12-01T07:06:22Z">
      <class name="com.durgasoft.ecommerce.homapage.TC001_CustomerRegistration">
        <test-method status="PASS" signature="beforeTest()[pri:0, instance:com.durgasoft.ecommerce.homapage.TC001_CustomerRegistration@35fc6dc4]" name="beforeTest" is-config="true" duration-ms="11355" started-at="2018-12-01T07:06:04Z" finished-at="2018-12-01T07:06:16Z">
          <reporter-output>
          </reporter-output>
        </test-method> <!-- beforeTest -->
        <test-method status="PASS" signature="startReport(java.lang.reflect.Method)[pri:0, instance:com.durgasoft.ecommerce.homapage.TC001_CustomerRegistration@35fc6dc4]" name="startReport" is-config="true" duration-ms="11" started-at="2018-12-01T07:06:16Z" finished-at="2018-12-01T07:06:16Z">
          <params>
            <param index="0">
              <value>
                <![CDATA[public void com.durgasoft.ecommerce.homapage.TC001_CustomerRegistration.hmsPR() throws java.lang.Exception]]>
              </value>
            </param>
          </params>
          <reporter-output>
          </reporter-output>
        </test-method> <!-- startReport -->
        <test-method status="PASS" signature="hmsPR()[pri:0, instance:com.durgasoft.ecommerce.homapage.TC001_CustomerRegistration@35fc6dc4]" name="hmsPR" duration-ms="4985" started-at="2018-12-01T07:06:16Z" finished-at="2018-12-01T07:06:21Z">
          <reporter-output>
            <line>
              <![CDATA[Test Running: hmsPR]]>
            </line>
            <line>
              <![CDATA[Test Success: hmsPR]]>
            </line>
            <line>
              <![CDATA[<a href='D:\LiveProject_11_OCT_1130AM\ecommerce\src\main\java\com\durgasoft\ecommerce\passedscreens\hmsPR 01_12_2018_12_36_21.png'><img src='D:\LiveProject_11_OCT_1130AM\ecommerce\src\main\java\com\durgasoft\ecommerce\passedscreens\hmsPR 01_12_2018_12_36_21.png'height='100'width='100'/></a>]]>
            </line>
          </reporter-output>
        </test-method> <!-- hmsPR -->
        <test-method status="PASS" signature="endReport(org.testng.ITestResult)[pri:0, instance:com.durgasoft.ecommerce.homapage.TC001_CustomerRegistration@35fc6dc4]" name="endReport" is-config="true" duration-ms="1" started-at="2018-12-01T07:06:21Z" finished-at="2018-12-01T07:06:21Z">
          <params>
            <param index="0">
              <value>
                <![CDATA[[TestResult name=hmsPR status=SUCCESS method=TC001_CustomerRegistration.hmsPR()[pri:0, instance:com.durgasoft.ecommerce.homapage.TC001_CustomerRegistration@35fc6dc4] output=Test Running: hmsPR]]]>
              </value>
            </param>
          </params>
          <reporter-output>
          </reporter-output>
        </test-method> <!-- endReport -->
        <test-method status="PASS" signature="endTest()[pri:0, instance:com.durgasoft.ecommerce.homapage.TC001_CustomerRegistration@35fc6dc4]" name="endTest" is-config="true" duration-ms="1157" started-at="2018-12-01T07:06:21Z" finished-at="2018-12-01T07:06:22Z">
          <reporter-output>
          </reporter-output>
        </test-method> <!-- endTest -->
      </class> <!-- com.durgasoft.ecommerce.homapage.TC001_CustomerRegistration -->
    </test> <!-- Test -->
  </suite> <!-- Suite -->
</testng-results>
